SF:lib/src/commons/services/storage_service.dart
DA:6,0
DA:7,0
DA:8,0
DA:9,0
DA:10,0
DA:14,0
DA:15,0
DA:16,0
DA:19,0
DA:20,0
DA:21,0
DA:22,0
DA:25,0
DA:26,0
DA:27,0
DA:30,0
DA:31,0
DA:32,0
DA:33,0
LF:19
LH:0
end_of_record
SF:lib/src/resolutions/blocs/resolution/resolution_state.dart
DA:5,1
DA:9,1
DA:10,1
DA:14,1
DA:15,1
DA:21,1
DA:22,1
DA:23,2
DA:29,1
DA:30,1
DA:31,2
LF:11
LH:11
end_of_record
SF:lib/src/resolutions/blocs/resolution/resolution_event.dart
DA:5,1
DA:12,1
DA:13,0
DA:14,0
DA:21,0
DA:22,0
DA:23,0
LF:7
LH:2
end_of_record
SF:lib/src/resolutions/blocs/resolution/resolution_bloc.dart
DA:16,3
DA:18,2
DA:21,1
DA:22,1
DA:23,2
DA:25,4
DA:26,1
DA:27,2
DA:29,0
DA:32,2
LF:10
LH:9
end_of_record
SF:lib/src/resolutions/models/resolution.g.dart
DA:13,0
DA:15,0
DA:16,0
DA:17,0
DA:19,0
DA:20,0
DA:21,0
DA:22,0
DA:23,0
DA:27,0
DA:30,0
DA:31,0
DA:32,0
DA:33,0
DA:34,0
DA:35,0
DA:36,0
DA:37,0
DA:38,0
DA:41,0
DA:42,0
DA:44,0
DA:47,0
DA:48,0
DA:49,0
DA:56,0
DA:57,0
DA:58,0
DA:59,0
DA:60,0
DA:61,0
DA:65,0
DA:66,0
DA:67,0
DA:68,0
DA:69,0
DA:70,0
LF:37
LH:0
end_of_record
SF:lib/src/resolutions/models/resolution.dart
DA:19,1
DA:21,0
DA:22,0
DA:24,0
DA:26,0
DA:27,0
DA:28,0
LF:7
LH:1
end_of_record
SF:lib/src/resolutions/services/resolution_service.dart
DA:6,1
DA:8,1
DA:9,2
DA:12,1
DA:13,2
DA:16,1
DA:17,2
LF:7
LH:7
end_of_record
